<?xml version="1.0" encoding="UTF-8"?>
<!-- Generated by org.testng.reporters.JUnitReportReporter -->
<testsuite hostname="TVDI-018" failures="0" tests="1" name="org.Testcases.New_Submission_PA" time="41.693" errors="0" timestamp="2023-11-27T17:52:51 IST" skipped="0">
  <testcase classname="org.Testcases.New_Submission_PA" name="new_Submission_PA" time="41.693"/>
</testsuite> <!-- org.Testcases.New_Submission_PA -->
