<?xml version="1.0" encoding="UTF-8"?>
<!-- Generated by org.testng.reporters.JUnitReportReporter -->
<testsuite hostname="TVDI-018" failures="0" tests="1" name="org.Testcases.AccountCreation" time="10.053" errors="0" timestamp="2023-11-27T17:52:51 IST" skipped="0">
  <testcase classname="org.Testcases.AccountCreation" name="accountCreationPC" time="10.053"/>
</testsuite> <!-- org.Testcases.AccountCreation -->
