<?xml version="1.0" encoding="UTF-8"?>
<!-- Generated by org.testng.reporters.JUnitReportReporter -->
<testsuite hostname="TVDI-018" failures="0" tests="2" name="org.Testcases.Policy_Cancel" time="53.637" errors="0" timestamp="2023-11-27T17:52:51 IST" skipped="0">
  <testcase classname="org.Testcases.Policy_Cancel" name="new_Submission_PA" time="41.471"/>
  <testcase classname="org.Testcases.Policy_Cancel" name="policy_Cancel" time="12.166"/>
</testsuite> <!-- org.Testcases.Policy_Cancel -->
